  [1m[35m (0.1ms)[0m  [1m[34mSELECT sqlite_version(*)[0m
  â†³ bin/rails:9
  [1m[35m (9.9ms)[0m  [1m[35mCREATE TABLE "schema_migrations" ("version" varchar NOT NULL PRIMARY KEY)[0m
  â†³ bin/rails:9
  [1m[35m (4.5ms)[0m  [1m[35mCREATE TABLE "ar_internal_metadata" ("key" varchar NOT NULL PRIMARY KEY, "value" varchar, "created_at" datetime NOT NULL, "updated_at" datetime NOT NULL)[0m
  â†³ bin/rails:9
  [1m[35m (0.1ms)[0m  [1m[34mSELECT "schema_migrations"."version" FROM "schema_migrations" ORDER BY "schema_migrations"."version" ASC[0m
  â†³ bin/rails:9
Migrating to DeviseCreateUsers (20200830060820)
  [1m[35m (0.1ms)[0m  [1m[36mbegin transaction[0m
  â†³ bin/rails:9
  [1m[35m (1.0ms)[0m  [1m[35mCREATE TABLE "users" ("id" integer PRIMARY KEY AUTOINCREMENT NOT NULL, "email" varchar DEFAULT '' NOT NULL, "encrypted_password" varchar DEFAULT '' NOT NULL, "reset_password_token" varchar, "reset_password_sent_at" datetime, "remember_created_at" datetime, "name" varchar, "introduction" text, "profile_image_id" varchar, "created_at" datetime NOT NULL, "updated_at" datetime NOT NULL)[0m
  â†³ db/migrate/20200830060820_devise_create_users.rb:5
  [1m[35m (0.2ms)[0m  [1m[35mCREATE UNIQUE INDEX "index_users_on_email" ON "users" ("email")[0m
  â†³ db/migrate/20200830060820_devise_create_users.rb:41
  [1m[35m (0.1ms)[0m  [1m[35mCREATE UNIQUE INDEX "index_users_on_reset_password_token" ON "users" ("reset_password_token")[0m
  â†³ db/migrate/20200830060820_devise_create_users.rb:42
  [1m[36mActiveRecord::SchemaMigration Create (0.1ms)[0m  [1m[32mINSERT INTO "schema_migrations" ("version") VALUES (?)[0m  [["version", "20200830060820"]]
  â†³ bin/rails:9
  [1m[35m (6.5ms)[0m  [1m[36mcommit transaction[0m
  â†³ bin/rails:9
Migrating to CreateBooks (20200830062142)
  [1m[35m (0.0ms)[0m  [1m[36mbegin transaction[0m
  â†³ bin/rails:9
  [1m[35m (0.2ms)[0m  [1m[35mCREATE TABLE "books" ("id" integer PRIMARY KEY AUTOINCREMENT NOT NULL, "title" varchar, "body" text, "user_id" integer, "rate" float, "created_at" datetime NOT NULL, "updated_at" datetime NOT NULL)[0m
  â†³ db/migrate/20200830062142_create_books.rb:3
  [1m[36mActiveRecord::SchemaMigration Create (0.1ms)[0m  [1m[32mINSERT INTO "schema_migrations" ("version") VALUES (?)[0m  [["version", "20200830062142"]]
  â†³ bin/rails:9
  [1m[35m (4.3ms)[0m  [1m[36mcommit transaction[0m
  â†³ bin/rails:9
Migrating to CreateFavorites (20200913111744)
  [1m[35m (0.1ms)[0m  [1m[36mbegin transaction[0m
  â†³ bin/rails:9
  [1m[35m (0.2ms)[0m  [1m[35mCREATE TABLE "favorites" ("id" integer PRIMARY KEY AUTOINCREMENT NOT NULL, "user_id" integer, "book_id" integer, "created_at" datetime NOT NULL, "updated_at" datetime NOT NULL)[0m
  â†³ db/migrate/20200913111744_create_favorites.rb:3
  [1m[36mActiveRecord::SchemaMigration Create (0.1ms)[0m  [1m[32mINSERT INTO "schema_migrations" ("version") VALUES (?)[0m  [["version", "20200913111744"]]
  â†³ bin/rails:9
  [1m[35m (4.6ms)[0m  [1m[36mcommit transaction[0m
  â†³ bin/rails:9
Migrating to CreateBookComments (20200913112406)
  [1m[35m (0.0ms)[0m  [1m[36mbegin transaction[0m
  â†³ bin/rails:9
  [1m[35m (0.2ms)[0m  [1m[35mCREATE TABLE "book_comments" ("id" integer PRIMARY KEY AUTOINCREMENT NOT NULL, "user_id" integer, "book_id" integer, "comment" text, "created_at" datetime NOT NULL, "updated_at" datetime NOT NULL)[0m
  â†³ db/migrate/20200913112406_create_book_comments.rb:3
  [1m[36mActiveRecord::SchemaMigration Create (0.1ms)[0m  [1m[32mINSERT INTO "schema_migrations" ("version") VALUES (?)[0m  [["version", "20200913112406"]]
  â†³ bin/rails:9
  [1m[35m (3.5ms)[0m  [1m[36mcommit transaction[0m
  â†³ bin/rails:9
  [1m[36mActiveRecord::InternalMetadata Load (0.1ms)[0m  [1m[34mSELECT  "ar_internal_metadata".* FROM "ar_internal_metadata" WHERE "ar_internal_metadata"."key" = ? LIMIT ?[0m  [["key", "environment"], ["LIMIT", 1]]
  â†³ bin/rails:9
  [1m[35m (0.0ms)[0m  [1m[36mbegin transaction[0m
  â†³ bin/rails:9
  [1m[36mActiveRecord::InternalMetadata Create (1.2ms)[0m  [1m[32mINSERT INTO "ar_internal_metadata" ("key", "value", "created_at", "updated_at") VALUES (?, ?, ?, ?)[0m  [["key", "environment"], ["value", "development"], ["created_at", "2021-09-29 03:54:16.147707"], ["updated_at", "2021-09-29 03:54:16.147707"]]
  â†³ bin/rails:9
  [1m[35m (3.5ms)[0m  [1m[36mcommit transaction[0m
  â†³ bin/rails:9
  [1m[35m (0.1ms)[0m  [1m[34mSELECT "schema_migrations"."version" FROM "schema_migrations" ORDER BY "schema_migrations"."version" ASC[0m
  â†³ bin/rails:9
Started GET "/" for 119.230.154.55 at 2021-09-29 03:57:44 +0000
Cannot render console from 119.230.154.55! Allowed networks: 127.0.0.1, ::1, 127.0.0.0/127.255.255.255
  [1m[35m (0.1ms)[0m  [1m[34mSELECT "schema_migrations"."version" FROM "schema_migrations" ORDER BY "schema_migrations"."version" ASC[0m
  â†³ /home/ec2-user/.rvm/gems/ruby-2.6.3/gems/activerecord-5.2.5/lib/active_record/log_subscriber.rb:98
Processing by HomesController#top as HTML
  Rendering homes/top.html.erb within layouts/application
  Rendered homes/top.html.erb within layouts/application (1.7ms)
Started GET "/" for 119.230.154.55 at 2021-09-29 03:57:45 +0000
Cannot render console from 119.230.154.55! Allowed networks: 127.0.0.1, ::1, 127.0.0.0/127.255.255.255
Processing by HomesController#top as HTML
  Rendering homes/top.html.erb within layouts/application
  Rendered homes/top.html.erb within layouts/application (0.5ms)
Completed 500 Internal Server Error in 10794ms (ActiveRecord: 0.0ms)


  
ActionView::Template::Error (can't add a new key into hash during iteration):
     6:     <%= csp_meta_tag %>
     7:     <meta name="viewport" content="width=device-width, initial-scale=1, maximum-scale=1">
     8:     <%= stylesheet_link_tag    'application', media: 'all', 'data-turbolinks-track': 'reload' %>
     9:     <%= javascript_include_tag 'application', 'data-turbolinks-track': 'reload' %>
    10:   </head>
    11:   <body>
    12:     <%= render 'layouts/header' %>
  
app/views/layouts/application.html.erb:9:in `_app_views_layouts_application_html_erb__2992256128036895822_51943140'
  Rendered layouts/_header.html.erb (7.1ms)
  Rendered layouts/_footer.html.erb (0.2ms)
Completed 200 OK in 10368ms (Views: 10366.8ms | ActiveRecord: 0.0ms)


Started GET "/users/sign_in" for 119.230.154.55 at 2021-09-29 03:58:03 +0000
Cannot render console from 119.230.154.55! Allowed networks: 127.0.0.1, ::1, 127.0.0.0/127.255.255.255
Processing by Devise::SessionsController#new as HTML
  Rendering devise/sessions/new.html.erb within layouts/application
  Rendered devise/shared/_links.html.erb (3.9ms)
  Rendered devise/sessions/new.html.erb within layouts/application (49.1ms)
  Rendered layouts/_header.html.erb (1.0ms)
  Rendered layouts/_footer.html.erb (0.2ms)
Completed 200 OK in 172ms (Views: 154.8ms | ActiveRecord: 0.6ms)


Started POST "/users/sign_in" for 119.230.154.55 at 2021-09-29 03:58:09 +0000
Cannot render console from 119.230.154.55! Allowed networks: 127.0.0.1, ::1, 127.0.0.0/127.255.255.255
Processing by Devise::SessionsController#create as HTML
  Parameters: {"utf8"=>"âœ“", "authenticity_token"=>"Dk5oMmH2xicGQc1DRvWttW_pu6nzuXhesHqryGW9c3RVhLIS-w3QzKoS_SIZ9w_rjnkgy2O6lpUxiEO4gb99tA", "user"=>{"name"=>"é˜ªæ‘å½°æ–‡", "password"=>"[FILTERED]", "remember_me"=>"0"}, "commit"=>"Log in"}
  [1m[36mUser Load (0.2ms)[0m  [1m[34mSELECT  "users".* FROM "users" WHERE "users"."name" = ? ORDER BY "users"."id" ASC LIMIT ?[0m  [["name", "é˜ªæ‘å½°æ–‡"], ["LIMIT", 1]]
  â†³ /home/ec2-user/.rvm/gems/ruby-2.6.3/gems/activerecord-5.2.5/lib/active_record/log_subscriber.rb:98
Completed 401 Unauthorized in 8ms (ActiveRecord: 0.2ms)


Processing by Devise::SessionsController#new as HTML
  Parameters: {"utf8"=>"âœ“", "authenticity_token"=>"Dk5oMmH2xicGQc1DRvWttW_pu6nzuXhesHqryGW9c3RVhLIS-w3QzKoS_SIZ9w_rjnkgy2O6lpUxiEO4gb99tA", "user"=>{"name"=>"é˜ªæ‘å½°æ–‡", "password"=>"[FILTERED]", "remember_me"=>"0"}, "commit"=>"Log in"}
  Rendering devise/sessions/new.html.erb within layouts/application
  Rendered devise/shared/_links.html.erb (0.8ms)
  Rendered devise/sessions/new.html.erb within layouts/application (4.0ms)
  Rendered layouts/_header.html.erb (0.9ms)
  Rendered layouts/_footer.html.erb (0.2ms)
Completed 200 OK in 439ms (Views: 111.6ms | ActiveRecord: 0.0ms)


Started GET "/users/sign_up" for 119.230.154.55 at 2021-09-29 03:58:12 +0000
Cannot render console from 119.230.154.55! Allowed networks: 127.0.0.1, ::1, 127.0.0.0/127.255.255.255
Processing by Devise::RegistrationsController#new as HTML
  Rendering devise/registrations/new.html.erb within layouts/application
  Rendered devise/shared/_error_messages.html.erb (0.4ms)
  Rendered devise/shared/_links.html.erb (0.8ms)
  Rendered devise/registrations/new.html.erb within layouts/application (12.7ms)
  Rendered layouts/_header.html.erb (1.1ms)
  Rendered layouts/_footer.html.erb (0.2ms)
Completed 200 OK in 102ms (Views: 100.9ms | ActiveRecord: 0.0ms)


Started POST "/users" for 119.230.154.55 at 2021-09-29 03:58:18 +0000
Cannot render console from 119.230.154.55! Allowed networks: 127.0.0.1, ::1, 127.0.0.0/127.255.255.255
Processing by Devise::RegistrationsController#create as HTML
  Parameters: {"utf8"=>"âœ“", "authenticity_token"=>"N5OGcwcUtCphAmA2YPhh6GndmewBJI_qNGLAwsymuYF5jYb8LKe06CCvL8Z7c-NhFZjMvm2LSxeTgA3AWLHezw", "user"=>{"name"=>"é˜ªæ‘å½°æ–‡", "email"=>"tmr20th08moon@gmail.com", "password"=>"[FILTERED]", "password_confirmation"=>"[FILTERED]"}, "commit"=>"Sign up"}
  [1m[35m (0.1ms)[0m  [1m[36mbegin transaction[0m
  â†³ /home/ec2-user/.rvm/gems/ruby-2.6.3/gems/activerecord-5.2.5/lib/active_record/log_subscriber.rb:98
  [1m[36mUser Exists (0.2ms)[0m  [1m[34mSELECT  1 AS one FROM "users" WHERE "users"."email" = ? LIMIT ?[0m  [["email", "tmr20th08moon@gmail.com"], ["LIMIT", 1]]
  â†³ /home/ec2-user/.rvm/gems/ruby-2.6.3/gems/activerecord-5.2.5/lib/active_record/log_subscriber.rb:98
  [1m[36mUser Exists (0.1ms)[0m  [1m[34mSELECT  1 AS one FROM "users" WHERE "users"."name" = ? LIMIT ?[0m  [["name", "é˜ªæ‘å½°æ–‡"], ["LIMIT", 1]]
  â†³ /home/ec2-user/.rvm/gems/ruby-2.6.3/gems/activerecord-5.2.5/lib/active_record/log_subscriber.rb:98
  [1m[36mUser Create (2.2ms)[0m  [1m[32mINSERT INTO "users" ("email", "encrypted_password", "name", "created_at", "updated_at") VALUES (?, ?, ?, ?, ?)[0m  [["email", "tmr20th08moon@gmail.com"], ["encrypted_password", "$2a$12$1JKHbaNKZmXYFAxZoKMTjuXYFwVG34ddtO.lTW5nvbUZtduidspp2"], ["name", "é˜ªæ‘å½°æ–‡"], ["created_at", "2021-09-29 03:58:19.179174"], ["updated_at", "2021-09-29 03:58:19.179174"]]
  â†³ /home/ec2-user/.rvm/gems/ruby-2.6.3/gems/activerecord-5.2.5/lib/active_record/log_subscriber.rb:98
  [1m[35m (5.3ms)[0m  [1m[36mcommit transaction[0m
  â†³ /home/ec2-user/.rvm/gems/ruby-2.6.3/gems/activerecord-5.2.5/lib/active_record/log_subscriber.rb:98
Redirected to https://2edce16dc2f7478199efcfcfd7c28bf0.vfs.cloud9.us-east-1.amazonaws.com/users/1
Completed 302 Found in 331ms (ActiveRecord: 7.9ms)


Started GET "/users/1" for 119.230.154.55 at 2021-09-29 03:58:19 +0000
Cannot render console from 119.230.154.55! Allowed networks: 127.0.0.1, ::1, 127.0.0.0/127.255.255.255
Processing by UsersController#show as HTML
  Parameters: {"id"=>"1"}
  [1m[36mUser Load (0.2ms)[0m  [1m[34mSELECT  "users".* FROM "users" WHERE "users"."id" = ? ORDER BY "users"."id" ASC LIMIT ?[0m  [["id", 1], ["LIMIT", 1]]
  â†³ /home/ec2-user/.rvm/gems/ruby-2.6.3/gems/activerecord-5.2.5/lib/active_record/log_subscriber.rb:98
  [1m[36mUser Load (0.1ms)[0m  [1m[34mSELECT  "users".* FROM "users" WHERE "users"."id" = ? LIMIT ?[0m  [["id", 1], ["LIMIT", 1]]
  â†³ app/controllers/users_controller.rb:6
  Rendering users/show.html.erb within layouts/application
  Rendered users/_info.html.erb (2.4ms)
  Rendered books/_form.html.erb (13.1ms)
  [1m[36mBook Load (0.2ms)[0m  [1m[34mSELECT "books".* FROM "books" WHERE "books"."user_id" = ?[0m  [["user_id", 1]]
  â†³ app/views/books/_index.html.erb:12
  Rendered books/_index.html.erb (9.3ms)
  Rendered users/show.html.erb within layouts/application (28.1ms)
  Rendered layouts/_header.html.erb (289.5ms)
Completed 500 Internal Server Error in 476ms (ActiveRecord: 3.5ms)


  
ActionView::Template::Error (undefined local variable or method `book_search_path' for #<#<Class:0x00007fbe7a8316d0>:0x00007fbe79893660>
Did you mean?  book_favorites_path):
    12:           <li><%= link_to ' Users',users_path,class: 'fas fa-users nav-link text-light' %></li>
    13:           <li><%= link_to ' Books',books_path ,class: 'fas fa-book-open nav-link text-light'%></li>
    14:           <li><%= link_to ' logout', destroy_user_session_path, method: :delete,class: 'fas fa-sign-out-alt nav-link text-light' %></li>
    15:           <%= form_with url: book_search_path, method: :get, local: true do |f| %>
    16:             <%= f.text_field :keyword %>
    17:             <%= f.submit 'æ¤œç´¢', class: 'btn btn-primary' %>
    18:           <% end %>
  
app/views/layouts/_header.html.erb:15:in `_app_views_layouts__header_html_erb__2851160866522299562_70228027546020'
app/views/layouts/application.html.erb:12:in `_app_views_layouts_application_html_erb__2992256128036895822_70228117589440'
Started GET "/users/1" for 119.230.154.55 at 2021-09-29 03:59:17 +0000
Cannot render console from 119.230.154.55! Allowed networks: 127.0.0.1, ::1, 127.0.0.0/127.255.255.255
Processing by UsersController#show as HTML
  Parameters: {"id"=>"1"}
  [1m[36mUser Load (0.1ms)[0m  [1m[34mSELECT  "users".* FROM "users" WHERE "users"."id" = ? ORDER BY "users"."id" ASC LIMIT ?[0m  [["id", 1], ["LIMIT", 1]]
  â†³ /home/ec2-user/.rvm/gems/ruby-2.6.3/gems/activerecord-5.2.5/lib/active_record/log_subscriber.rb:98
  [1m[36mUser Load (0.1ms)[0m  [1m[34mSELECT  "users".* FROM "users" WHERE "users"."id" = ? LIMIT ?[0m  [["id", 1], ["LIMIT", 1]]
  â†³ app/controllers/users_controller.rb:6
  Rendering users/show.html.erb within layouts/application
  Rendered users/_info.html.erb (9.6ms)
  Rendered books/_form.html.erb (10.6ms)
  [1m[36mBook Load (0.1ms)[0m  [1m[34mSELECT "books".* FROM "books" WHERE "books"."user_id" = ?[0m  [["user_id", 1]]
  â†³ app/views/books/_index.html.erb:12
  Rendered books/_index.html.erb (4.3ms)
  Rendered users/show.html.erb within layouts/application (33.0ms)
  Rendered layouts/_header.html.erb (294.6ms)
Completed 500 Internal Server Error in 416ms (ActiveRecord: 0.3ms)


  
ActionView::Template::Error (undefined local variable or method `f' for #<#<Class:0x00007fbe7a8316d0>:0x00007fbe7944e690>):
    12:           <li><%= link_to ' Users',users_path,class: 'fas fa-users nav-link text-light' %></li>
    13:           <li><%= link_to ' Books',books_path ,class: 'fas fa-book-open nav-link text-light'%></li>
    14:           <li><%= link_to ' logout', destroy_user_session_path, method: :delete,class: 'fas fa-sign-out-alt nav-link text-light' %></li>
    15:             <%= f.submit 'æ¤œç´¢', class: 'btn btn-primary' %>
    16: 
    17:         <% else %>
    18:           <li><%= link_to ' Home',root_path,class: 'fas fa-home nav-link text-light' %></li>
  
app/views/layouts/_header.html.erb:15:in `_app_views_layouts__header_html_erb__2851160866522299562_70228037721000'
app/views/layouts/application.html.erb:12:in `_app_views_layouts_application_html_erb__2992256128036895822_70228027580060'
Started GET "/users/1" for 119.230.154.55 at 2021-09-29 03:59:35 +0000
Cannot render console from 119.230.154.55! Allowed networks: 127.0.0.1, ::1, 127.0.0.0/127.255.255.255
Processing by UsersController#show as HTML
  Parameters: {"id"=>"1"}
  [1m[36mUser Load (0.1ms)[0m  [1m[34mSELECT  "users".* FROM "users" WHERE "users"."id" = ? ORDER BY "users"."id" ASC LIMIT ?[0m  [["id", 1], ["LIMIT", 1]]
  â†³ /home/ec2-user/.rvm/gems/ruby-2.6.3/gems/activerecord-5.2.5/lib/active_record/log_subscriber.rb:98
  [1m[36mUser Load (0.1ms)[0m  [1m[34mSELECT  "users".* FROM "users" WHERE "users"."id" = ? LIMIT ?[0m  [["id", 1], ["LIMIT", 1]]
  â†³ app/controllers/users_controller.rb:6
  Rendering users/show.html.erb within layouts/application
  Rendered users/_info.html.erb (1.4ms)
  Rendered books/_form.html.erb (9.0ms)
  [1m[36mBook Load (0.1ms)[0m  [1m[34mSELECT "books".* FROM "books" WHERE "books"."user_id" = ?[0m  [["user_id", 1]]
  â†³ app/views/books/_index.html.erb:12
  Rendered books/_index.html.erb (7.0ms)
  Rendered users/show.html.erb within layouts/application (23.2ms)
  Rendered layouts/_header.html.erb (5.2ms)
  Rendered layouts/_footer.html.erb (0.2ms)
Completed 200 OK in 119ms (Views: 113.3ms | ActiveRecord: 0.3ms)


Started GET "/users/1" for 119.230.154.55 at 2021-09-29 03:59:40 +0000
Cannot render console from 119.230.154.55! Allowed networks: 127.0.0.1, ::1, 127.0.0.0/127.255.255.255
Processing by UsersController#show as HTML
  Parameters: {"id"=>"1"}
  [1m[36mUser Load (0.1ms)[0m  [1m[34mSELECT  "users".* FROM "users" WHERE "users"."id" = ? ORDER BY "users"."id" ASC LIMIT ?[0m  [["id", 1], ["LIMIT", 1]]
  â†³ /home/ec2-user/.rvm/gems/ruby-2.6.3/gems/activerecord-5.2.5/lib/active_record/log_subscriber.rb:98
  [1m[36mUser Load (0.1ms)[0m  [1m[34mSELECT  "users".* FROM "users" WHERE "users"."id" = ? LIMIT ?[0m  [["id", 1], ["LIMIT", 1]]
  â†³ app/controllers/users_controller.rb:6
  Rendering users/show.html.erb within layouts/application
  Rendered users/_info.html.erb (3.0ms)
  Rendered books/_form.html.erb (7.8ms)
  [1m[36mBook Load (0.1ms)[0m  [1m[34mSELECT "books".* FROM "books" WHERE "books"."user_id" = ?[0m  [["user_id", 1]]
  â†³ app/views/books/_index.html.erb:12
  Rendered books/_index.html.erb (3.4ms)
  Rendered users/show.html.erb within layouts/application (17.5ms)
  Rendered layouts/_header.html.erb (0.8ms)
  Rendered layouts/_footer.html.erb (0.2ms)
Completed 200 OK in 129ms (Views: 123.7ms | ActiveRecord: 0.3ms)


Started GET "/users/1" for 119.230.154.55 at 2021-09-29 04:00:21 +0000
Cannot render console from 119.230.154.55! Allowed networks: 127.0.0.1, ::1, 127.0.0.0/127.255.255.255
Processing by UsersController#show as HTML
  Parameters: {"id"=>"1"}
  [1m[36mUser Load (0.1ms)[0m  [1m[34mSELECT  "users".* FROM "users" WHERE "users"."id" = ? ORDER BY "users"."id" ASC LIMIT ?[0m  [["id", 1], ["LIMIT", 1]]
  â†³ /home/ec2-user/.rvm/gems/ruby-2.6.3/gems/activerecord-5.2.5/lib/active_record/log_subscriber.rb:98
  [1m[36mUser Load (0.1ms)[0m  [1m[34mSELECT  "users".* FROM "users" WHERE "users"."id" = ? LIMIT ?[0m  [["id", 1], ["LIMIT", 1]]
  â†³ app/controllers/users_controller.rb:6
  Rendering users/show.html.erb within layouts/application
  Rendered users/_info.html.erb (1.3ms)
  Rendered books/_form.html.erb (8.6ms)
  [1m[36mBook Load (0.1ms)[0m  [1m[34mSELECT "books".* FROM "books" WHERE "books"."user_id" = ?[0m  [["user_id", 1]]
  â†³ app/views/books/_index.html.erb:12
  Rendered books/_index.html.erb (5.8ms)
  Rendered users/show.html.erb within layouts/application (20.9ms)
  Rendered layouts/_header.html.erb (2.1ms)
  Rendered layouts/_footer.html.erb (0.2ms)
Completed 200 OK in 114ms (Views: 108.2ms | ActiveRecord: 0.3ms)


Started POST "/books" for 119.230.154.55 at 2021-09-29 04:00:29 +0000
Cannot render console from 119.230.154.55! Allowed networks: 127.0.0.1, ::1, 127.0.0.0/127.255.255.255
Processing by BooksController#create as HTML
  Parameters: {"utf8"=>"âœ“", "authenticity_token"=>"rHNI5degJhIBQj5uOD-zvv_VhU4ZehtmnTf92Ks-Kl10wKEMv6ZieQMhJxcSPyDWBMlm6aQBV0eT_T7jLFtzCQ", "book"=>{"title"=>"ãƒ†ã‚¹ãƒˆ", "body"=>"aaaaaa", "category"=>"aaaaaa", "rate"=>"5"}, "commit"=>"Create Book"}
  [1m[36mUser Load (0.1ms)[0m  [1m[34mSELECT  "users".* FROM "users" WHERE "users"."id" = ? ORDER BY "users"."id" ASC LIMIT ?[0m  [["id", 1], ["LIMIT", 1]]
  â†³ /home/ec2-user/.rvm/gems/ruby-2.6.3/gems/activerecord-5.2.5/lib/active_record/log_subscriber.rb:98
Unpermitted parameter: :category
  [1m[35m (0.1ms)[0m  [1m[36mbegin transaction[0m
  â†³ app/controllers/books_controller.rb:19
  [1m[36mUser Load (0.1ms)[0m  [1m[34mSELECT  "users".* FROM "users" WHERE "users"."id" = ? LIMIT ?[0m  [["id", 1], ["LIMIT", 1]]
  â†³ app/controllers/books_controller.rb:19
  [1m[36mBook Create (1.3ms)[0m  [1m[32mINSERT INTO "books" ("title", "body", "user_id", "rate", "created_at", "updated_at") VALUES (?, ?, ?, ?, ?, ?)[0m  [["title", "ãƒ†ã‚¹ãƒˆ"], ["body", "aaaaaa"], ["user_id", 1], ["rate", 5.0], ["created_at", "2021-09-29 04:00:29.459642"], ["updated_at", "2021-09-29 04:00:29.459642"]]
  â†³ app/controllers/books_controller.rb:19
  [1m[35m (4.0ms)[0m  [1m[36mcommit transaction[0m
  â†³ app/controllers/books_controller.rb:19
Redirected to https://2edce16dc2f7478199efcfcfd7c28bf0.vfs.cloud9.us-east-1.amazonaws.com/books/1
Completed 302 Found in 22ms (ActiveRecord: 5.6ms)


Started GET "/books/1" for 119.230.154.55 at 2021-09-29 04:00:29 +0000
Cannot render console from 119.230.154.55! Allowed networks: 127.0.0.1, ::1, 127.0.0.0/127.255.255.255
Processing by BooksController#show as HTML
  Parameters: {"id"=>"1"}
  [1m[36mUser Load (0.1ms)[0m  [1m[34mSELECT  "users".* FROM "users" WHERE "users"."id" = ? ORDER BY "users"."id" ASC LIMIT ?[0m  [["id", 1], ["LIMIT", 1]]
  â†³ /home/ec2-user/.rvm/gems/ruby-2.6.3/gems/activerecord-5.2.5/lib/active_record/log_subscriber.rb:98
  [1m[36mBook Load (0.2ms)[0m  [1m[34mSELECT  "books".* FROM "books" WHERE "books"."id" = ? LIMIT ?[0m  [["id", 1], ["LIMIT", 1]]
  â†³ app/controllers/books_controller.rb:6
  Rendering books/show.html.erb within layouts/application
  [1m[36mUser Load (0.1ms)[0m  [1m[34mSELECT  "users".* FROM "users" WHERE "users"."id" = ? LIMIT ?[0m  [["id", 1], ["LIMIT", 1]]
  â†³ app/views/books/show.html.erb:5
  Rendered users/_info.html.erb (3.4ms)
  Rendered books/_form.html.erb (6.9ms)
  [1m[36mFavorite Exists (0.1ms)[0m  [1m[34mSELECT  1 AS one FROM "favorites" WHERE "favorites"."book_id" = ? AND "favorites"."user_id" = ? LIMIT ?[0m  [["book_id", 1], ["user_id", 1], ["LIMIT", 1]]
  â†³ app/models/book.rb:12
  [1m[35m (0.1ms)[0m  [1m[34mSELECT COUNT(*) FROM "favorites" WHERE "favorites"."book_id" = ?[0m  [["book_id", 1]]
  â†³ app/views/favorites/_favorite-btn.html.erb:4
  Rendered favorites/_favorite-btn.html.erb (12.7ms)
  [1m[35m (0.1ms)[0m  [1m[34mSELECT COUNT(*) FROM "book_comments" WHERE "book_comments"."book_id" = ?[0m  [["book_id", 1]]
  â†³ app/views/books/show.html.erb:21
  [1m[36mBookComment Load (0.1ms)[0m  [1m[34mSELECT "book_comments".* FROM "book_comments" WHERE "book_comments"."book_id" = ?[0m  [["book_id", 1]]
  â†³ app/views/book_comments/_index.html.erb:1
  Rendered book_comments/_index.html.erb (3.9ms)
  Rendered books/show.html.erb within layouts/application (42.3ms)
  Rendered layouts/_header.html.erb (0.8ms)
  Rendered layouts/_footer.html.erb (0.2ms)
Completed 200 OK in 162ms (Views: 145.0ms | ActiveRecord: 4.4ms)


Started POST "/books" for 119.230.154.55 at 2021-09-29 04:00:44 +0000
Cannot render console from 119.230.154.55! Allowed networks: 127.0.0.1, ::1, 127.0.0.0/127.255.255.255
Processing by BooksController#create as HTML
  Parameters: {"utf8"=>"âœ“", "authenticity_token"=>"PaKD90LZzQk_jIbU_bAL5TDi-3-tRtXXVt1nBKG4GLXlEWoeKt-JYj3vn63XsJiNy_4Y2BA9mfZYF6Q_Jt1B4Q", "book"=>{"title"=>"å¤‰æ›´", "body"=>"sssssss", "category"=>"ssssss", "rate"=>"3"}, "commit"=>"Create Book"}
  [1m[36mUser Load (0.1ms)[0m  [1m[34mSELECT  "users".* FROM "users" WHERE "users"."id" = ? ORDER BY "users"."id" ASC LIMIT ?[0m  [["id", 1], ["LIMIT", 1]]
  â†³ /home/ec2-user/.rvm/gems/ruby-2.6.3/gems/activerecord-5.2.5/lib/active_record/log_subscriber.rb:98
Unpermitted parameter: :category
  [1m[35m (0.1ms)[0m  [1m[36mbegin transaction[0m
  â†³ app/controllers/books_controller.rb:19
  [1m[36mUser Load (0.1ms)[0m  [1m[34mSELECT  "users".* FROM "users" WHERE "users"."id" = ? LIMIT ?[0m  [["id", 1], ["LIMIT", 1]]
  â†³ app/controllers/books_controller.rb:19
  [1m[36mBook Create (0.9ms)[0m  [1m[32mINSERT INTO "books" ("title", "body", "user_id", "rate", "created_at", "updated_at") VALUES (?, ?, ?, ?, ?, ?)[0m  [["title", "å¤‰æ›´"], ["body", "sssssss"], ["user_id", 1], ["rate", 3.0], ["created_at", "2021-09-29 04:00:44.288412"], ["updated_at", "2021-09-29 04:00:44.288412"]]
  â†³ app/controllers/books_controller.rb:19
  [1m[35m (7.0ms)[0m  [1m[36mcommit transaction[0m
  â†³ app/controllers/books_controller.rb:19
Redirected to https://2edce16dc2f7478199efcfcfd7c28bf0.vfs.cloud9.us-east-1.amazonaws.com/books/2
Completed 302 Found in 19ms (ActiveRecord: 8.2ms)


Started GET "/books/2" for 119.230.154.55 at 2021-09-29 04:00:44 +0000
Cannot render console from 119.230.154.55! Allowed networks: 127.0.0.1, ::1, 127.0.0.0/127.255.255.255
Processing by BooksController#show as HTML
  Parameters: {"id"=>"2"}
  [1m[36mUser Load (0.1ms)[0m  [1m[34mSELECT  "users".* FROM "users" WHERE "users"."id" = ? ORDER BY "users"."id" ASC LIMIT ?[0m  [["id", 1], ["LIMIT", 1]]
  â†³ /home/ec2-user/.rvm/gems/ruby-2.6.3/gems/activerecord-5.2.5/lib/active_record/log_subscriber.rb:98
  [1m[36mBook Load (0.1ms)[0m  [1m[34mSELECT  "books".* FROM "books" WHERE "books"."id" = ? LIMIT ?[0m  [["id", 2], ["LIMIT", 1]]
  â†³ app/controllers/books_controller.rb:6
  Rendering books/show.html.erb within layouts/application
  [1m[36mUser Load (0.1ms)[0m  [1m[34mSELECT  "users".* FROM "users" WHERE "users"."id" = ? LIMIT ?[0m  [["id", 1], ["LIMIT", 1]]
  â†³ app/views/books/show.html.erb:5
  Rendered users/_info.html.erb (1.3ms)
  Rendered books/_form.html.erb (8.1ms)
  [1m[36mFavorite Exists (0.1ms)[0m  [1m[34mSELECT  1 AS one FROM "favorites" WHERE "favorites"."book_id" = ? AND "favorites"."user_id" = ? LIMIT ?[0m  [["book_id", 2], ["user_id", 1], ["LIMIT", 1]]
  â†³ app/models/book.rb:12
  [1m[35m (0.1ms)[0m  [1m[34mSELECT COUNT(*) FROM "favorites" WHERE "favorites"."book_id" = ?[0m  [["book_id", 2]]
  â†³ app/views/favorites/_favorite-btn.html.erb:4
  Rendered favorites/_favorite-btn.html.erb (5.2ms)
  [1m[35m (0.1ms)[0m  [1m[34mSELECT COUNT(*) FROM "book_comments" WHERE "book_comments"."book_id" = ?[0m  [["book_id", 2]]
  â†³ app/views/books/show.html.erb:21
  [1m[36mBookComment Load (0.1ms)[0m  [1m[34mSELECT "book_comments".* FROM "book_comments" WHERE "book_comments"."book_id" = ?[0m  [["book_id", 2]]
  â†³ app/views/book_comments/_index.html.erb:1
  Rendered book_comments/_index.html.erb (3.1ms)
  Rendered books/show.html.erb within layouts/application (32.8ms)
  Rendered layouts/_header.html.erb (0.8ms)
  Rendered layouts/_footer.html.erb (0.2ms)
Completed 200 OK in 126ms (Views: 121.3ms | ActiveRecord: 0.7ms)


Started POST "/books" for 119.230.154.55 at 2021-09-29 04:00:59 +0000
Cannot render console from 119.230.154.55! Allowed networks: 127.0.0.1, ::1, 127.0.0.0/127.255.255.255
Processing by BooksController#create as HTML
  Parameters: {"utf8"=>"âœ“", "authenticity_token"=>"X874juo2lF8hgFJP3_nEyW70TNWANqfgN30GxS6SNc6HfRFngjDQNCPjSzb1-Vehleivcj1N68E5t8X-qfdsmg", "book"=>{"title"=>"ã‚ã‹ã•ãŸãª", "body"=>"hamaya", "category"=>"", "rate"=>"1"}, "commit"=>"Create Book"}
  [1m[36mUser Load (0.1ms)[0m  [1m[34mSELECT  "users".* FROM "users" WHERE "users"."id" = ? ORDER BY "users"."id" ASC LIMIT ?[0m  [["id", 1], ["LIMIT", 1]]
  â†³ /home/ec2-user/.rvm/gems/ruby-2.6.3/gems/activerecord-5.2.5/lib/active_record/log_subscriber.rb:98
Unpermitted parameter: :category
  [1m[35m (0.1ms)[0m  [1m[36mbegin transaction[0m
  â†³ app/controllers/books_controller.rb:19
  [1m[36mUser Load (0.1ms)[0m  [1m[34mSELECT  "users".* FROM "users" WHERE "users"."id" = ? LIMIT ?[0m  [["id", 1], ["LIMIT", 1]]
  â†³ app/controllers/books_controller.rb:19
  [1m[36mBook Create (1.0ms)[0m  [1m[32mINSERT INTO "books" ("title", "body", "user_id", "rate", "created_at", "updated_at") VALUES (?, ?, ?, ?, ?, ?)[0m  [["title", "ã‚ã‹ã•ãŸãª"], ["body", "hamaya"], ["user_id", 1], ["rate", 1.0], ["created_at", "2021-09-29 04:00:59.038674"], ["updated_at", "2021-09-29 04:00:59.038674"]]
  â†³ app/controllers/books_controller.rb:19
  [1m[35m (3.9ms)[0m  [1m[36mcommit transaction[0m
  â†³ app/controllers/books_controller.rb:19
Redirected to https://2edce16dc2f7478199efcfcfd7c28bf0.vfs.cloud9.us-east-1.amazonaws.com/books/3
Completed 302 Found in 15ms (ActiveRecord: 5.2ms)


Started GET "/books/3" for 119.230.154.55 at 2021-09-29 04:00:59 +0000
Cannot render console from 119.230.154.55! Allowed networks: 127.0.0.1, ::1, 127.0.0.0/127.255.255.255
Processing by BooksController#show as HTML
  Parameters: {"id"=>"3"}
  [1m[36mUser Load (0.1ms)[0m  [1m[34mSELECT  "users".* FROM "users" WHERE "users"."id" = ? ORDER BY "users"."id" ASC LIMIT ?[0m  [["id", 1], ["LIMIT", 1]]
  â†³ /home/ec2-user/.rvm/gems/ruby-2.6.3/gems/activerecord-5.2.5/lib/active_record/log_subscriber.rb:98
  [1m[36mBook Load (0.1ms)[0m  [1m[34mSELECT  "books".* FROM "books" WHERE "books"."id" = ? LIMIT ?[0m  [["id", 3], ["LIMIT", 1]]
  â†³ app/controllers/books_controller.rb:6
  Rendering books/show.html.erb within layouts/application
  [1m[36mUser Load (0.1ms)[0m  [1m[34mSELECT  "users".* FROM "users" WHERE "users"."id" = ? LIMIT ?[0m  [["id", 1], ["LIMIT", 1]]
  â†³ app/views/books/show.html.erb:5
  Rendered users/_info.html.erb (2.5ms)
  Rendered books/_form.html.erb (9.3ms)
  [1m[36mFavorite Exists (0.2ms)[0m  [1m[34mSELECT  1 AS one FROM "favorites" WHERE "favorites"."book_id" = ? AND "favorites"."user_id" = ? LIMIT ?[0m  [["book_id", 3], ["user_id", 1], ["LIMIT", 1]]
  â†³ app/models/book.rb:12
  [1m[35m (0.1ms)[0m  [1m[34mSELECT COUNT(*) FROM "favorites" WHERE "favorites"."book_id" = ?[0m  [["book_id", 3]]
  â†³ app/views/favorites/_favorite-btn.html.erb:4
  Rendered favorites/_favorite-btn.html.erb (6.6ms)
  [1m[35m (0.1ms)[0m  [1m[34mSELECT COUNT(*) FROM "book_comments" WHERE "book_comments"."book_id" = ?[0m  [["book_id", 3]]
  â†³ app/views/books/show.html.erb:21
  [1m[36mBookComment Load (0.1ms)[0m  [1m[34mSELECT "book_comments".* FROM "book_comments" WHERE "book_comments"."book_id" = ?[0m  [["book_id", 3]]
  â†³ app/views/book_comments/_index.html.erb:1
  Rendered book_comments/_index.html.erb (2.6ms)
  Rendered books/show.html.erb within layouts/application (47.7ms)
  Rendered layouts/_header.html.erb (1.3ms)
  Rendered layouts/_footer.html.erb (0.2ms)
Completed 200 OK in 144ms (Views: 137.8ms | ActiveRecord: 0.8ms)


Started GET "/books" for 119.230.154.55 at 2021-09-29 04:01:00 +0000
Cannot render console from 119.230.154.55! Allowed networks: 127.0.0.1, ::1, 127.0.0.0/127.255.255.255
Processing by BooksController#index as HTML
  [1m[36mUser Load (0.1ms)[0m  [1m[34mSELECT  "users".* FROM "users" WHERE "users"."id" = ? ORDER BY "users"."id" ASC LIMIT ?[0m  [["id", 1], ["LIMIT", 1]]
  â†³ /home/ec2-user/.rvm/gems/ruby-2.6.3/gems/activerecord-5.2.5/lib/active_record/log_subscriber.rb:98
  Rendering books/index.html.erb within layouts/application
  Rendered layouts/_errors.html.erb (0.3ms)
  Rendered users/_info.html.erb (2.8ms)
  Rendered books/_form.html.erb (7.0ms)
  [1m[36mBook Load (0.2ms)[0m  [1m[34mSELECT "books".* FROM "books"[0m
  â†³ app/views/books/_index.html.erb:12
  [1m[36mUser Load (0.1ms)[0m  [1m[34mSELECT  "users".* FROM "users" WHERE "users"."id" = ? LIMIT ?[0m  [["id", 1], ["LIMIT", 1]]
  â†³ app/views/books/_index.html.erb:14
  [1m[36mFavorite Exists (0.1ms)[0m  [1m[34mSELECT  1 AS one FROM "favorites" WHERE "favorites"."book_id" = ? AND "favorites"."user_id" = ? LIMIT ?[0m  [["book_id", 1], ["user_id", 1], ["LIMIT", 1]]
  â†³ app/models/book.rb:12
  [1m[35m (0.1ms)[0m  [1m[34mSELECT COUNT(*) FROM "favorites" WHERE "favorites"."book_id" = ?[0m  [["book_id", 1]]
  â†³ app/views/favorites/_favorite-btn.html.erb:4
  Rendered favorites/_favorite-btn.html.erb (5.4ms)
  [1m[35m (0.1ms)[0m  [1m[34mSELECT COUNT(*) FROM "book_comments" WHERE "book_comments"."book_id" = ?[0m  [["book_id", 1]]
  â†³ app/views/books/_index.html.erb:21
  [1m[36mCACHE User Load (0.0ms)[0m  [1m[34mSELECT  "users".* FROM "users" WHERE "users"."id" = ? LIMIT ?[0m  [["id", 1], ["LIMIT", 1]]
  â†³ app/views/books/_index.html.erb:14
  [1m[36mFavorite Exists (0.1ms)[0m  [1m[34mSELECT  1 AS one FROM "favorites" WHERE "favorites"."book_id" = ? AND "favorites"."user_id" = ? LIMIT ?[0m  [["book_id", 2], ["user_id", 1], ["LIMIT", 1]]
  â†³ app/models/book.rb:12
  [1m[35m (0.1ms)[0m  [1m[34mSELECT COUNT(*) FROM "favorites" WHERE "favorites"."book_id" = ?[0m  [["book_id", 2]]
  â†³ app/views/favorites/_favorite-btn.html.erb:4
  Rendered favorites/_favorite-btn.html.erb (4.9ms)
  [1m[35m (1.0ms)[0m  [1m[34mSELECT COUNT(*) FROM "book_comments" WHERE "book_comments"."book_id" = ?[0m  [["book_id", 2]]
  â†³ app/views/books/_index.html.erb:21
  [1m[36mCACHE User Load (0.0ms)[0m  [1m[34mSELECT  "users".* FROM "users" WHERE "users"."id" = ? LIMIT ?[0m  [["id", 1], ["LIMIT", 1]]
  â†³ app/views/books/_index.html.erb:14
  [1m[36mFavorite Exists (0.2ms)[0m  [1m[34mSELECT  1 AS one FROM "favorites" WHERE "favorites"."book_id" = ? AND "favorites"."user_id" = ? LIMIT ?[0m  [["book_id", 3], ["user_id", 1], ["LIMIT", 1]]
  â†³ app/models/book.rb:12
  [1m[35m (0.1ms)[0m  [1m[34mSELECT COUNT(*) FROM "favorites" WHERE "favorites"."book_id" = ?[0m  [["book_id", 3]]
  â†³ app/views/favorites/_favorite-btn.html.erb:4
  Rendered favorites/_favorite-btn.html.erb (5.6ms)
  [1m[35m (0.1ms)[0m  [1m[34mSELECT COUNT(*) FROM "book_comments" WHERE "book_comments"."book_id" = ?[0m  [["book_id", 3]]
  â†³ app/views/books/_index.html.erb:21
  Rendered books/_index.html.erb (43.3ms)
  Rendered books/index.html.erb within layouts/application (59.2ms)
  Rendered layouts/_header.html.erb (0.9ms)
  Rendered layouts/_footer.html.erb (0.3ms)
Completed 200 OK in 195ms (Views: 189.9ms | ActiveRecord: 2.4ms)


Started GET "/books" for 119.230.154.55 at 2021-09-29 04:01:12 +0000
Cannot render console from 119.230.154.55! Allowed networks: 127.0.0.1, ::1, 127.0.0.0/127.255.255.255
Processing by BooksController#index as HTML
  [1m[36mUser Load (0.1ms)[0m  [1m[34mSELECT  "users".* FROM "users" WHERE "users"."id" = ? ORDER BY "users"."id" ASC LIMIT ?[0m  [["id", 1], ["LIMIT", 1]]
  â†³ /home/ec2-user/.rvm/gems/ruby-2.6.3/gems/activerecord-5.2.5/lib/active_record/log_subscriber.rb:98
  Rendering books/index.html.erb within layouts/application
  Rendered layouts/_errors.html.erb (0.4ms)
  Rendered users/_info.html.erb (1.4ms)
  Rendered books/_form.html.erb (7.5ms)
  [1m[36mBook Load (0.2ms)[0m  [1m[34mSELECT "books".* FROM "books"[0m
  â†³ app/views/books/_index.html.erb:12
  [1m[36mUser Load (0.1ms)[0m  [1m[34mSELECT  "users".* FROM "users" WHERE "users"."id" = ? LIMIT ?[0m  [["id", 1], ["LIMIT", 1]]
  â†³ app/views/books/_index.html.erb:14
  [1m[36mFavorite Exists (0.1ms)[0m  [1m[34mSELECT  1 AS one FROM "favorites" WHERE "favorites"."book_id" = ? AND "favorites"."user_id" = ? LIMIT ?[0m  [["book_id", 1], ["user_id", 1], ["LIMIT", 1]]
  â†³ app/models/book.rb:12
  [1m[35m (0.1ms)[0m  [1m[34mSELECT COUNT(*) FROM "favorites" WHERE "favorites"."book_id" = ?[0m  [["book_id", 1]]
  â†³ app/views/favorites/_favorite-btn.html.erb:4
  Rendered favorites/_favorite-btn.html.erb (5.6ms)
  [1m[35m (0.1ms)[0m  [1m[34mSELECT COUNT(*) FROM "book_comments" WHERE "book_comments"."book_id" = ?[0m  [["book_id", 1]]
  â†³ app/views/books/_index.html.erb:21
  [1m[36mCACHE User Load (0.0ms)[0m  [1m[34mSELECT  "users".* FROM "users" WHERE "users"."id" = ? LIMIT ?[0m  [["id", 1], ["LIMIT", 1]]
  â†³ app/views/books/_index.html.erb:14
  [1m[36mFavorite Exists (0.2ms)[0m  [1m[34mSELECT  1 AS one FROM "favorites" WHERE "favorites"."book_id" = ? AND "favorites"."user_id" = ? LIMIT ?[0m  [["book_id", 2], ["user_id", 1], ["LIMIT", 1]]
  â†³ app/models/book.rb:12
  [1m[35m (0.1ms)[0m  [1m[34mSELECT COUNT(*) FROM "favorites" WHERE "favorites"."book_id" = ?[0m  [["book_id", 2]]
  â†³ app/views/favorites/_favorite-btn.html.erb:4
  Rendered favorites/_favorite-btn.html.erb (4.6ms)
  [1m[35m (0.1ms)[0m  [1m[34mSELECT COUNT(*) FROM "book_comments" WHERE "book_comments"."book_id" = ?[0m  [["book_id", 2]]
  â†³ app/views/books/_index.html.erb:21
  [1m[36mCACHE User Load (0.0ms)[0m  [1m[34mSELECT  "users".* FROM "users" WHERE "users"."id" = ? LIMIT ?[0m  [["id", 1], ["LIMIT", 1]]
  â†³ app/views/books/_index.html.erb:14
  [1m[36mFavorite Exists (0.1ms)[0m  [1m[34mSELECT  1 AS one FROM "favorites" WHERE "favorites"."book_id" = ? AND "favorites"."user_id" = ? LIMIT ?[0m  [["book_id", 3], ["user_id", 1], ["LIMIT", 1]]
  â†³ app/models/book.rb:12
  [1m[35m (0.1ms)[0m  [1m[34mSELECT COUNT(*) FROM "favorites" WHERE "favorites"."book_id" = ?[0m  [["book_id", 3]]
  â†³ app/views/favorites/_favorite-btn.html.erb:4
  Rendered favorites/_favorite-btn.html.erb (4.5ms)
  [1m[35m (0.1ms)[0m  [1m[34mSELECT COUNT(*) FROM "book_comments" WHERE "book_comments"."book_id" = ?[0m  [["book_id", 3]]
  â†³ app/views/books/_index.html.erb:21
  Rendered books/_index.html.erb (42.0ms)
  Rendered books/index.html.erb within layouts/application (58.7ms)
  Rendered layouts/_header.html.erb (0.8ms)
  Rendered layouts/_footer.html.erb (0.2ms)
Completed 200 OK in 152ms (Views: 145.8ms | ActiveRecord: 1.5ms)


Started GET "/users" for 119.230.154.55 at 2021-09-29 04:01:13 +0000
Cannot render console from 119.230.154.55! Allowed networks: 127.0.0.1, ::1, 127.0.0.0/127.255.255.255
Processing by UsersController#index as HTML
  [1m[36mUser Load (0.1ms)[0m  [1m[34mSELECT  "users".* FROM "users" WHERE "users"."id" = ? ORDER BY "users"."id" ASC LIMIT ?[0m  [["id", 1], ["LIMIT", 1]]
  â†³ /home/ec2-user/.rvm/gems/ruby-2.6.3/gems/activerecord-5.2.5/lib/active_record/log_subscriber.rb:98
  Rendering users/index.html.erb within layouts/application
  Rendered users/_info.html.erb (1.3ms)
  Rendered books/_form.html.erb (6.5ms)
  [1m[36mUser Load (0.2ms)[0m  [1m[34mSELECT "users".* FROM "users"[0m
  â†³ app/views/users/_index.html.erb:10
  Rendered users/_index.html.erb (5.0ms)
  Rendered users/index.html.erb within layouts/application (17.8ms)
  Rendered layouts/_header.html.erb (3.2ms)
  Rendered layouts/_footer.html.erb (0.2ms)
Completed 200 OK in 121ms (Views: 118.5ms | ActiveRecord: 0.3ms)


Started GET "/users/1" for 119.230.154.55 at 2021-09-29 04:01:14 +0000
Cannot render console from 119.230.154.55! Allowed networks: 127.0.0.1, ::1, 127.0.0.0/127.255.255.255
Processing by UsersController#show as HTML
  Parameters: {"id"=>"1"}
  [1m[36mUser Load (0.1ms)[0m  [1m[34mSELECT  "users".* FROM "users" WHERE "users"."id" = ? ORDER BY "users"."id" ASC LIMIT ?[0m  [["id", 1], ["LIMIT", 1]]
  â†³ /home/ec2-user/.rvm/gems/ruby-2.6.3/gems/activerecord-5.2.5/lib/active_record/log_subscriber.rb:98
  [1m[36mUser Load (0.1ms)[0m  [1m[34mSELECT  "users".* FROM "users" WHERE "users"."id" = ? LIMIT ?[0m  [["id", 1], ["LIMIT", 1]]
  â†³ app/controllers/users_controller.rb:6
  Rendering users/show.html.erb within layouts/application
  Rendered users/_info.html.erb (1.3ms)
  Rendered books/_form.html.erb (6.2ms)
  [1m[36mBook Load (0.1ms)[0m  [1m[34mSELECT "books".* FROM "books" WHERE "books"."user_id" = ?[0m  [["user_id", 1]]
  â†³ app/views/books/_index.html.erb:12
  [1m[36mFavorite Exists (0.1ms)[0m  [1m[34mSELECT  1 AS one FROM "favorites" WHERE "favorites"."book_id" = ? AND "favorites"."user_id" = ? LIMIT ?[0m  [["book_id", 1], ["user_id", 1], ["LIMIT", 1]]
  â†³ app/models/book.rb:12
  [1m[35m (0.1ms)[0m  [1m[34mSELECT COUNT(*) FROM "favorites" WHERE "favorites"."book_id" = ?[0m  [["book_id", 1]]
  â†³ app/views/favorites/_favorite-btn.html.erb:4
  Rendered favorites/_favorite-btn.html.erb (5.5ms)
  [1m[35m (0.1ms)[0m  [1m[34mSELECT COUNT(*) FROM "book_comments" WHERE "book_comments"."book_id" = ?[0m  [["book_id", 1]]
  â†³ app/views/books/_index.html.erb:21
  [1m[36mFavorite Exists (0.1ms)[0m  [1m[34mSELECT  1 AS one FROM "favorites" WHERE "favorites"."book_id" = ? AND "favorites"."user_id" = ? LIMIT ?[0m  [["book_id", 2], ["user_id", 1], ["LIMIT", 1]]
  â†³ app/models/book.rb:12
  [1m[35m (0.1ms)[0m  [1m[34mSELECT COUNT(*) FROM "favorites" WHERE "favorites"."book_id" = ?[0m  [["book_id", 2]]
  â†³ app/views/favorites/_favorite-btn.html.erb:4
  Rendered favorites/_favorite-btn.html.erb (5.7ms)
  [1m[35m (0.1ms)[0m  [1m[34mSELECT COUNT(*) FROM "book_comments" WHERE "book_comments"."book_id" = ?[0m  [["book_id", 2]]
  â†³ app/views/books/_index.html.erb:21
  [1m[36mFavorite Exists (0.1ms)[0m  [1m[34mSELECT  1 AS one FROM "favorites" WHERE "favorites"."book_id" = ? AND "favorites"."user_id" = ? LIMIT ?[0m  [["book_id", 3], ["user_id", 1], ["LIMIT", 1]]
  â†³ app/models/book.rb:12
  [1m[35m (0.1ms)[0m  [1m[34mSELECT COUNT(*) FROM "favorites" WHERE "favorites"."book_id" = ?[0m  [["book_id", 3]]
  â†³ app/views/favorites/_favorite-btn.html.erb:4
  Rendered favorites/_favorite-btn.html.erb (4.7ms)
  [1m[35m (0.1ms)[0m  [1m[34mSELECT COUNT(*) FROM "book_comments" WHERE "book_comments"."book_id" = ?[0m  [["book_id", 3]]
  â†³ app/views/books/_index.html.erb:21
  Rendered books/_index.html.erb (33.3ms)
  Rendered users/show.html.erb within layouts/application (46.0ms)
  Rendered layouts/_header.html.erb (4.8ms)
  Rendered layouts/_footer.html.erb (0.2ms)
Completed 200 OK in 188ms (Views: 181.4ms | ActiveRecord: 1.3ms)


Started POST "/books/1/favorites" for 119.230.154.55 at 2021-09-29 04:01:51 +0000
Cannot render console from 119.230.154.55! Allowed networks: 127.0.0.1, ::1, 127.0.0.0/127.255.255.255
Processing by FavoritesController#create as JS
  Parameters: {"book_id"=>"1"}
  [1m[36mUser Load (0.1ms)[0m  [1m[34mSELECT  "users".* FROM "users" WHERE "users"."id" = ? ORDER BY "users"."id" ASC LIMIT ?[0m  [["id", 1], ["LIMIT", 1]]
  â†³ /home/ec2-user/.rvm/gems/ruby-2.6.3/gems/activerecord-5.2.5/lib/active_record/log_subscriber.rb:98
  [1m[36mBook Load (0.1ms)[0m  [1m[34mSELECT  "books".* FROM "books" WHERE "books"."id" = ? LIMIT ?[0m  [["id", 1], ["LIMIT", 1]]
  â†³ app/controllers/favorites_controller.rb:5
  [1m[35m (0.0ms)[0m  [1m[36mbegin transaction[0m
  â†³ app/controllers/favorites_controller.rb:7
  [1m[36mUser Load (0.1ms)[0m  [1m[34mSELECT  "users".* FROM "users" WHERE "users"."id" = ? LIMIT ?[0m  [["id", 1], ["LIMIT", 1]]
  â†³ app/controllers/favorites_controller.rb:7
  [1m[36mFavorite Create (3.0ms)[0m  [1m[32mINSERT INTO "favorites" ("user_id", "book_id", "created_at", "updated_at") VALUES (?, ?, ?, ?)[0m  [["user_id", 1], ["book_id", 1], ["created_at", "2021-09-29 04:01:51.951330"], ["updated_at", "2021-09-29 04:01:51.951330"]]
  â†³ app/controllers/favorites_controller.rb:7
  [1m[35m (3.9ms)[0m  [1m[36mcommit transaction[0m
  â†³ app/controllers/favorites_controller.rb:7
  Rendering favorites/create.js.erb
  [1m[36mFavorite Exists (0.2ms)[0m  [1m[34mSELECT  1 AS one FROM "favorites" WHERE "favorites"."book_id" = ? AND "favorites"."user_id" = ? LIMIT ?[0m  [["book_id", 1], ["user_id", 1], ["LIMIT", 1]]
  â†³ app/models/book.rb:12
  [1m[35m (0.1ms)[0m  [1m[34mSELECT COUNT(*) FROM "favorites" WHERE "favorites"."book_id" = ?[0m  [["book_id", 1]]
  â†³ app/views/favorites/_favorite-btn.html.erb:2
  Rendered favorites/_favorite-btn.html.erb (5.3ms)
  Rendered favorites/create.js.erb (9.2ms)
Completed 200 OK in 47ms (Views: 16.6ms | ActiveRecord: 7.8ms)


Started POST "/books/2/favorites" for 119.230.154.55 at 2021-09-29 04:01:52 +0000
Cannot render console from 119.230.154.55! Allowed networks: 127.0.0.1, ::1, 127.0.0.0/127.255.255.255
Processing by FavoritesController#create as JS
  Parameters: {"book_id"=>"2"}
  [1m[36mUser Load (0.1ms)[0m  [1m[34mSELECT  "users".* FROM "users" WHERE "users"."id" = ? ORDER BY "users"."id" ASC LIMIT ?[0m  [["id", 1], ["LIMIT", 1]]
  â†³ /home/ec2-user/.rvm/gems/ruby-2.6.3/gems/activerecord-5.2.5/lib/active_record/log_subscriber.rb:98
  [1m[36mBook Load (0.1ms)[0m  [1m[34mSELECT  "books".* FROM "books" WHERE "books"."id" = ? LIMIT ?[0m  [["id", 2], ["LIMIT", 1]]
  â†³ app/controllers/favorites_controller.rb:5
  [1m[35m (0.0ms)[0m  [1m[36mbegin transaction[0m
  â†³ app/controllers/favorites_controller.rb:7
  [1m[36mUser Load (0.1ms)[0m  [1m[34mSELECT  "users".* FROM "users" WHERE "users"."id" = ? LIMIT ?[0m  [["id", 1], ["LIMIT", 1]]
  â†³ app/controllers/favorites_controller.rb:7
  [1m[36mFavorite Create (1.1ms)[0m  [1m[32mINSERT INTO "favorites" ("user_id", "book_id", "created_at", "updated_at") VALUES (?, ?, ?, ?)[0m  [["user_id", 1], ["book_id", 2], ["created_at", "2021-09-29 04:01:52.673961"], ["updated_at", "2021-09-29 04:01:52.673961"]]
  â†³ app/controllers/favorites_controller.rb:7
  [1m[35m (4.3ms)[0m  [1m[36mcommit transaction[0m
  â†³ app/controllers/favorites_controller.rb:7
  Rendering favorites/create.js.erb
  [1m[36mFavorite Exists (0.7ms)[0m  [1m[34mSELECT  1 AS one FROM "favorites" WHERE "favorites"."book_id" = ? AND "favorites"."user_id" = ? LIMIT ?[0m  [["book_id", 2], ["user_id", 1], ["LIMIT", 1]]
  â†³ app/models/book.rb:12
  [1m[35m (0.1ms)[0m  [1m[34mSELECT COUNT(*) FROM "favorites" WHERE "favorites"."book_id" = ?[0m  [["book_id", 2]]
  â†³ app/views/favorites/_favorite-btn.html.erb:2
  Rendered favorites/_favorite-btn.html.erb (5.8ms)
  Rendered favorites/create.js.erb (16.0ms)
Completed 200 OK in 40ms (Views: 20.8ms | ActiveRecord: 6.5ms)


Started GET "/books?sort=rate+DESC" for 119.230.154.55 at 2021-09-29 04:02:00 +0000
Cannot render console from 119.230.154.55! Allowed networks: 127.0.0.1, ::1, 127.0.0.0/127.255.255.255
Processing by BooksController#index as HTML
  Parameters: {"sort"=>"rate DESC"}
  [1m[36mUser Load (0.1ms)[0m  [1m[34mSELECT  "users".* FROM "users" WHERE "users"."id" = ? ORDER BY "users"."id" ASC LIMIT ?[0m  [["id", 1], ["LIMIT", 1]]
  â†³ /home/ec2-user/.rvm/gems/ruby-2.6.3/gems/activerecord-5.2.5/lib/active_record/log_subscriber.rb:98
  Rendering books/index.html.erb within layouts/application
  Rendered layouts/_errors.html.erb (0.3ms)
  Rendered users/_info.html.erb (2.5ms)
  Rendered books/_form.html.erb (6.8ms)
  [1m[36mBook Load (0.2ms)[0m  [1m[34mSELECT "books".* FROM "books" ORDER BY rate DESC[0m
  â†³ app/views/books/_index.html.erb:12
  [1m[36mUser Load (0.1ms)[0m  [1m[34mSELECT  "users".* FROM "users" WHERE "users"."id" = ? LIMIT ?[0m  [["id", 1], ["LIMIT", 1]]
  â†³ app/views/books/_index.html.erb:14
  [1m[36mFavorite Exists (0.1ms)[0m  [1m[34mSELECT  1 AS one FROM "favorites" WHERE "favorites"."book_id" = ? AND "favorites"."user_id" = ? LIMIT ?[0m  [["book_id", 1], ["user_id", 1], ["LIMIT", 1]]
  â†³ app/models/book.rb:12
  [1m[35m (0.1ms)[0m  [1m[34mSELECT COUNT(*) FROM "favorites" WHERE "favorites"."book_id" = ?[0m  [["book_id", 1]]
  â†³ app/views/favorites/_favorite-btn.html.erb:2
  Rendered favorites/_favorite-btn.html.erb (5.0ms)
  [1m[35m (0.1ms)[0m  [1m[34mSELECT COUNT(*) FROM "book_comments" WHERE "book_comments"."book_id" = ?[0m  [["book_id", 1]]
  â†³ app/views/books/_index.html.erb:21
  [1m[36mCACHE User Load (0.0ms)[0m  [1m[34mSELECT  "users".* FROM "users" WHERE "users"."id" = ? LIMIT ?[0m  [["id", 1], ["LIMIT", 1]]
  â†³ app/views/books/_index.html.erb:14
  [1m[36mFavorite Exists (0.1ms)[0m  [1m[34mSELECT  1 AS one FROM "favorites" WHERE "favorites"."book_id" = ? AND "favorites"."user_id" = ? LIMIT ?[0m  [["book_id", 2], ["user_id", 1], ["LIMIT", 1]]
  â†³ app/models/book.rb:12
  [1m[35m (0.1ms)[0m  [1m[34mSELECT COUNT(*) FROM "favorites" WHERE "favorites"."book_id" = ?[0m  [["book_id", 2]]
  â†³ app/views/favorites/_favorite-btn.html.erb:2
  Rendered favorites/_favorite-btn.html.erb (4.5ms)
  [1m[35m (0.1ms)[0m  [1m[34mSELECT COUNT(*) FROM "book_comments" WHERE "book_comments"."book_id" = ?[0m  [["book_id", 2]]
  â†³ app/views/books/_index.html.erb:21
  [1m[36mCACHE User Load (0.0ms)[0m  [1m[34mSELECT  "users".* FROM "users" WHERE "users"."id" = ? LIMIT ?[0m  [["id", 1], ["LIMIT", 1]]
  â†³ app/views/books/_index.html.erb:14
  [1m[36mFavorite Exists (0.1ms)[0m  [1m[34mSELECT  1 AS one FROM "favorites" WHERE "favorites"."book_id" = ? AND "favorites"."user_id" = ? LIMIT ?[0m  [["book_id", 3], ["user_id", 1], ["LIMIT", 1]]
  â†³ app/models/book.rb:12
  [1m[35m (0.1ms)[0m  [1m[34mSELECT COUNT(*) FROM "favorites" WHERE "favorites"."book_id" = ?[0m  [["book_id", 3]]
  â†³ app/views/favorites/_favorite-btn.html.erb:4
  Rendered favorites/_favorite-btn.html.erb (4.9ms)
  [1m[35m (0.1ms)[0m  [1m[34mSELECT COUNT(*) FROM "book_comments" WHERE "book_comments"."book_id" = ?[0m  [["book_id", 3]]
  â†³ app/views/books/_index.html.erb:21
  Rendered books/_index.html.erb (38.6ms)
  Rendered books/index.html.erb within layouts/application (54.4ms)
  Rendered layouts/_header.html.erb (0.8ms)
  Rendered layouts/_footer.html.erb (0.3ms)
Completed 200 OK in 155ms (Views: 149.6ms | ActiveRecord: 1.4ms)


Started GET "/books?sort=created_at+DESC" for 119.230.154.55 at 2021-09-29 04:02:02 +0000
Cannot render console from 119.230.154.55! Allowed networks: 127.0.0.1, ::1, 127.0.0.0/127.255.255.255
Processing by BooksController#index as HTML
  Parameters: {"sort"=>"created_at DESC"}
  [1m[36mUser Load (0.1ms)[0m  [1m[34mSELECT  "users".* FROM "users" WHERE "users"."id" = ? ORDER BY "users"."id" ASC LIMIT ?[0m  [["id", 1], ["LIMIT", 1]]
  â†³ /home/ec2-user/.rvm/gems/ruby-2.6.3/gems/activerecord-5.2.5/lib/active_record/log_subscriber.rb:98
  Rendering books/index.html.erb within layouts/application
  Rendered layouts/_errors.html.erb (0.4ms)
  Rendered users/_info.html.erb (3.9ms)
  Rendered books/_form.html.erb (7.2ms)
  [1m[36mBook Load (0.2ms)[0m  [1m[34mSELECT "books".* FROM "books" ORDER BY created_at DESC[0m
  â†³ app/views/books/_index.html.erb:12
  [1m[36mUser Load (0.1ms)[0m  [1m[34mSELECT  "users".* FROM "users" WHERE "users"."id" = ? LIMIT ?[0m  [["id", 1], ["LIMIT", 1]]
  â†³ app/views/books/_index.html.erb:14
  [1m[36mFavorite Exists (0.1ms)[0m  [1m[34mSELECT  1 AS one FROM "favorites" WHERE "favorites"."book_id" = ? AND "favorites"."user_id" = ? LIMIT ?[0m  [["book_id", 3], ["user_id", 1], ["LIMIT", 1]]
  â†³ app/models/book.rb:12
  [1m[35m (0.1ms)[0m  [1m[34mSELECT COUNT(*) FROM "favorites" WHERE "favorites"."book_id" = ?[0m  [["book_id", 3]]
  â†³ app/views/favorites/_favorite-btn.html.erb:4
  Rendered favorites/_favorite-btn.html.erb (5.4ms)
  [1m[35m (0.1ms)[0m  [1m[34mSELECT COUNT(*) FROM "book_comments" WHERE "book_comments"."book_id" = ?[0m  [["book_id", 3]]
  â†³ app/views/books/_index.html.erb:21
  [1m[36mCACHE User Load (0.0ms)[0m  [1m[34mSELECT  "users".* FROM "users" WHERE "users"."id" = ? LIMIT ?[0m  [["id", 1], ["LIMIT", 1]]
  â†³ app/views/books/_index.html.erb:14
  [1m[36mFavorite Exists (0.1ms)[0m  [1m[34mSELECT  1 AS one FROM "favorites" WHERE "favorites"."book_id" = ? AND "favorites"."user_id" = ? LIMIT ?[0m  [["book_id", 2], ["user_id", 1], ["LIMIT", 1]]
  â†³ app/models/book.rb:12
  [1m[35m (0.1ms)[0m  [1m[34mSELECT COUNT(*) FROM "favorites" WHERE "favorites"."book_id" = ?[0m  [["book_id", 2]]
  â†³ app/views/favorites/_favorite-btn.html.erb:2
  Rendered favorites/_favorite-btn.html.erb (4.8ms)
  [1m[35m (0.1ms)[0m  [1m[34mSELECT COUNT(*) FROM "book_comments" WHERE "book_comments"."book_id" = ?[0m  [["book_id", 2]]
  â†³ app/views/books/_index.html.erb:21
  [1m[36mCACHE User Load (0.0ms)[0m  [1m[34mSELECT  "users".* FROM "users" WHERE "users"."id" = ? LIMIT ?[0m  [["id", 1], ["LIMIT", 1]]
  â†³ app/views/books/_index.html.erb:14
  [1m[36mFavorite Exists (0.1ms)[0m  [1m[34mSELECT  1 AS one FROM "favorites" WHERE "favorites"."book_id" = ? AND "favorites"."user_id" = ? LIMIT ?[0m  [["book_id", 1], ["user_id", 1], ["LIMIT", 1]]
  â†³ app/models/book.rb:12
  [1m[35m (0.1ms)[0m  [1m[34mSELECT COUNT(*) FROM "favorites" WHERE "favorites"."book_id" = ?[0m  [["book_id", 1]]
  â†³ app/views/favorites/_favorite-btn.html.erb:2
  Rendered favorites/_favorite-btn.html.erb (4.7ms)
  [1m[35m (0.1ms)[0m  [1m[34mSELECT COUNT(*) FROM "book_comments" WHERE "book_comments"."book_id" = ?[0m  [["book_id", 1]]
  â†³ app/views/books/_index.html.erb:21
  Rendered books/_index.html.erb (37.5ms)
  Rendered books/index.html.erb within layouts/application (54.5ms)
  Rendered layouts/_header.html.erb (0.8ms)
  Rendered layouts/_footer.html.erb (0.2ms)
Completed 200 OK in 154ms (Views: 148.4ms | ActiveRecord: 1.5ms)


Started GET "/books?sort=rate+DESC" for 119.230.154.55 at 2021-09-29 04:02:04 +0000
Cannot render console from 119.230.154.55! Allowed networks: 127.0.0.1, ::1, 127.0.0.0/127.255.255.255
Processing by BooksController#index as HTML
  Parameters: {"sort"=>"rate DESC"}
  [1m[36mUser Load (0.1ms)[0m  [1m[34mSELECT  "users".* FROM "users" WHERE "users"."id" = ? ORDER BY "users"."id" ASC LIMIT ?[0m  [["id", 1], ["LIMIT", 1]]
  â†³ /home/ec2-user/.rvm/gems/ruby-2.6.3/gems/activerecord-5.2.5/lib/active_record/log_subscriber.rb:98
  Rendering books/index.html.erb within layouts/application
  Rendered layouts/_errors.html.erb (0.3ms)
  Rendered users/_info.html.erb (1.3ms)
  Rendered books/_form.html.erb (6.5ms)
  [1m[36mBook Load (0.2ms)[0m  [1m[34mSELECT "books".* FROM "books" ORDER BY rate DESC[0m
  â†³ app/views/books/_index.html.erb:12
  [1m[36mUser Load (0.1ms)[0m  [1m[34mSELECT  "users".* FROM "users" WHERE "users"."id" = ? LIMIT ?[0m  [["id", 1], ["LIMIT", 1]]
  â†³ app/views/books/_index.html.erb:14
  [1m[36mFavorite Exists (0.2ms)[0m  [1m[34mSELECT  1 AS one FROM "favorites" WHERE "favorites"."book_id" = ? AND "favorites"."user_id" = ? LIMIT ?[0m  [["book_id", 1], ["user_id", 1], ["LIMIT", 1]]
  â†³ app/models/book.rb:12
  [1m[35m (0.1ms)[0m  [1m[34mSELECT COUNT(*) FROM "favorites" WHERE "favorites"."book_id" = ?[0m  [["book_id", 1]]
  â†³ app/views/favorites/_favorite-btn.html.erb:2
  Rendered favorites/_favorite-btn.html.erb (5.7ms)
  [1m[35m (0.1ms)[0m  [1m[34mSELECT COUNT(*) FROM "book_comments" WHERE "book_comments"."book_id" = ?[0m  [["book_id", 1]]
  â†³ app/views/books/_index.html.erb:21
  [1m[36mCACHE User Load (0.0ms)[0m  [1m[34mSELECT  "users".* FROM "users" WHERE "users"."id" = ? LIMIT ?[0m  [["id", 1], ["LIMIT", 1]]
  â†³ app/views/books/_index.html.erb:14
  [1m[36mFavorite Exists (0.1ms)[0m  [1m[34mSELECT  1 AS one FROM "favorites" WHERE "favorites"."book_id" = ? AND "favorites"."user_id" = ? LIMIT ?[0m  [["book_id", 2], ["user_id", 1], ["LIMIT", 1]]
  â†³ app/models/book.rb:12
  [1m[35m (0.1ms)[0m  [1m[34mSELECT COUNT(*) FROM "favorites" WHERE "favorites"."book_id" = ?[0m  [["book_id", 2]]
  â†³ app/views/favorites/_favorite-btn.html.erb:2
  Rendered favorites/_favorite-btn.html.erb (4.9ms)
  [1m[35m (0.1ms)[0m  [1m[34mSELECT COUNT(*) FROM "book_comments" WHERE "book_comments"."book_id" = ?[0m  [["book_id", 2]]
  â†³ app/views/books/_index.html.erb:21
  [1m[36mCACHE User Load (0.0ms)[0m  [1m[34mSELECT  "users".* FROM "users" WHERE "users"."id" = ? LIMIT ?[0m  [["id", 1], ["LIMIT", 1]]
  â†³ app/views/books/_index.html.erb:14
  [1m[36mFavorite Exists (0.2ms)[0m  [1m[34mSELECT  1 AS one FROM "favorites" WHERE "favorites"."book_id" = ? AND "favorites"."user_id" = ? LIMIT ?[0m  [["book_id", 3], ["user_id", 1], ["LIMIT", 1]]
  â†³ app/models/book.rb:12
  [1m[35m (0.1ms)[0m  [1m[34mSELECT COUNT(*) FROM "favorites" WHERE "favorites"."book_id" = ?[0m  [["book_id", 3]]
  â†³ app/views/favorites/_favorite-btn.html.erb:4
  Rendered favorites/_favorite-btn.html.erb (4.6ms)
  [1m[35m (0.1ms)[0m  [1m[34mSELECT COUNT(*) FROM "book_comments" WHERE "book_comments"."book_id" = ?[0m  [["book_id", 3]]
  â†³ app/views/books/_index.html.erb:21
  Rendered books/_index.html.erb (43.6ms)
  Rendered books/index.html.erb within layouts/application (58.2ms)
  Rendered layouts/_header.html.erb (0.8ms)
  Rendered layouts/_footer.html.erb (0.2ms)
Completed 200 OK in 156ms (Views: 152.1ms | ActiveRecord: 1.6ms)


Started GET "/users/1/edit" for 119.230.154.55 at 2021-09-29 04:02:06 +0000
Cannot render console from 119.230.154.55! Allowed networks: 127.0.0.1, ::1, 127.0.0.0/127.255.255.255
Processing by UsersController#edit as HTML
  Parameters: {"id"=>"1"}
  [1m[36mUser Load (0.1ms)[0m  [1m[34mSELECT  "users".* FROM "users" WHERE "users"."id" = ? ORDER BY "users"."id" ASC LIMIT ?[0m  [["id", 1], ["LIMIT", 1]]
  â†³ /home/ec2-user/.rvm/gems/ruby-2.6.3/gems/activerecord-5.2.5/lib/active_record/log_subscriber.rb:98
  [1m[36mUser Load (0.1ms)[0m  [1m[34mSELECT  "users".* FROM "users" WHERE "users"."id" = ? LIMIT ?[0m  [["id", 1], ["LIMIT", 1]]
  â†³ app/controllers/users_controller.rb:34
  Rendering users/edit.html.erb within layouts/application
  Rendered layouts/_errors.html.erb (0.4ms)
  Rendered users/edit.html.erb within layouts/application (9.6ms)
  Rendered layouts/_header.html.erb (0.8ms)
  Rendered layouts/_footer.html.erb (0.3ms)
Completed 200 OK in 98ms (Views: 94.3ms | ActiveRecord: 0.2ms)


Started GET "/users" for 119.230.154.55 at 2021-09-29 04:02:09 +0000
Cannot render console from 119.230.154.55! Allowed networks: 127.0.0.1, ::1, 127.0.0.0/127.255.255.255
Processing by UsersController#index as HTML
  [1m[36mUser Load (0.4ms)[0m  [1m[34mSELECT  "users".* FROM "users" WHERE "users"."id" = ? ORDER BY "users"."id" ASC LIMIT ?[0m  [["id", 1], ["LIMIT", 1]]
  â†³ /home/ec2-user/.rvm/gems/ruby-2.6.3/gems/activerecord-5.2.5/lib/active_record/log_subscriber.rb:98
  Rendering users/index.html.erb within layouts/application
  Rendered users/_info.html.erb (1.4ms)
  Rendered books/_form.html.erb (6.6ms)
  [1m[36mUser Load (0.1ms)[0m  [1m[34mSELECT "users".* FROM "users"[0m
  â†³ app/views/users/_index.html.erb:10
  Rendered users/_index.html.erb (4.3ms)
  Rendered users/index.html.erb within layouts/application (16.9ms)
  Rendered layouts/_header.html.erb (0.8ms)
  Rendered layouts/_footer.html.erb (0.2ms)
Completed 200 OK in 133ms (Views: 130.4ms | ActiveRecord: 0.5ms)


Started GET "/users/1" for 119.230.154.55 at 2021-09-29 04:02:10 +0000
Cannot render console from 119.230.154.55! Allowed networks: 127.0.0.1, ::1, 127.0.0.0/127.255.255.255
Processing by UsersController#show as HTML
  Parameters: {"id"=>"1"}
  [1m[36mUser Load (0.1ms)[0m  [1m[34mSELECT  "users".* FROM "users" WHERE "users"."id" = ? ORDER BY "users"."id" ASC LIMIT ?[0m  [["id", 1], ["LIMIT", 1]]
  â†³ /home/ec2-user/.rvm/gems/ruby-2.6.3/gems/activerecord-5.2.5/lib/active_record/log_subscriber.rb:98
  [1m[36mUser Load (0.1ms)[0m  [1m[34mSELECT  "users".* FROM "users" WHERE "users"."id" = ? LIMIT ?[0m  [["id", 1], ["LIMIT", 1]]
  â†³ app/controllers/users_controller.rb:6
  Rendering users/show.html.erb within layouts/application
  Rendered users/_info.html.erb (2.7ms)
  Rendered books/_form.html.erb (6.5ms)
  [1m[36mBook Load (0.1ms)[0m  [1m[34mSELECT "books".* FROM "books" WHERE "books"."user_id" = ?[0m  [["user_id", 1]]
  â†³ app/views/books/_index.html.erb:12
  [1m[36mFavorite Exists (0.1ms)[0m  [1m[34mSELECT  1 AS one FROM "favorites" WHERE "favorites"."book_id" = ? AND "favorites"."user_id" = ? LIMIT ?[0m  [["book_id", 1], ["user_id", 1], ["LIMIT", 1]]
  â†³ app/models/book.rb:12
  [1m[35m (0.1ms)[0m  [1m[34mSELECT COUNT(*) FROM "favorites" WHERE "favorites"."book_id" = ?[0m  [["book_id", 1]]
  â†³ app/views/favorites/_favorite-btn.html.erb:2
  Rendered favorites/_favorite-btn.html.erb (9.9ms)
  [1m[35m (0.1ms)[0m  [1m[34mSELECT COUNT(*) FROM "book_comments" WHERE "book_comments"."book_id" = ?[0m  [["book_id", 1]]
  â†³ app/views/books/_index.html.erb:21
  [1m[36mFavorite Exists (0.1ms)[0m  [1m[34mSELECT  1 AS one FROM "favorites" WHERE "favorites"."book_id" = ? AND "favorites"."user_id" = ? LIMIT ?[0m  [["book_id", 2], ["user_id", 1], ["LIMIT", 1]]
  â†³ app/models/book.rb:12
  [1m[35m (0.1ms)[0m  [1m[34mSELECT COUNT(*) FROM "favorites" WHERE "favorites"."book_id" = ?[0m  [["book_id", 2]]
  â†³ app/views/favorites/_favorite-btn.html.erb:2
  Rendered favorites/_favorite-btn.html.erb (4.9ms)
  [1m[35m (0.1ms)[0m  [1m[34mSELECT COUNT(*) FROM "book_comments" WHERE "book_comments"."book_id" = ?[0m  [["book_id", 2]]
  â†³ app/views/books/_index.html.erb:21
  [1m[36mFavorite Exists (0.1ms)[0m  [1m[34mSELECT  1 AS one FROM "favorites" WHERE "favorites"."book_id" = ? AND "favorites"."user_id" = ? LIMIT ?[0m  [["book_id", 3], ["user_id", 1], ["LIMIT", 1]]
  â†³ app/models/book.rb:12
  [1m[35m (0.1ms)[0m  [1m[34mSELECT COUNT(*) FROM "favorites" WHERE "favorites"."book_id" = ?[0m  [["book_id", 3]]
  â†³ app/views/favorites/_favorite-btn.html.erb:4
  Rendered favorites/_favorite-btn.html.erb (4.9ms)
  [1m[35m (0.1ms)[0m  [1m[34mSELECT COUNT(*) FROM "book_comments" WHERE "book_comments"."book_id" = ?[0m  [["book_id", 3]]
  â†³ app/views/books/_index.html.erb:21
  Rendered books/_index.html.erb (35.8ms)
  Rendered users/show.html.erb within layouts/application (48.9ms)
  Rendered layouts/_header.html.erb (0.9ms)
  Rendered layouts/_footer.html.erb (0.2ms)
Completed 200 OK in 148ms (Views: 142.6ms | ActiveRecord: 1.3ms)


Started GET "/users/1" for 119.230.154.55 at 2021-09-29 04:02:12 +0000
Cannot render console from 119.230.154.55! Allowed networks: 127.0.0.1, ::1, 127.0.0.0/127.255.255.255
Processing by UsersController#show as HTML
  Parameters: {"id"=>"1"}
  [1m[36mUser Load (0.1ms)[0m  [1m[34mSELECT  "users".* FROM "users" WHERE "users"."id" = ? ORDER BY "users"."id" ASC LIMIT ?[0m  [["id", 1], ["LIMIT", 1]]
  â†³ /home/ec2-user/.rvm/gems/ruby-2.6.3/gems/activerecord-5.2.5/lib/active_record/log_subscriber.rb:98
  [1m[36mUser Load (0.1ms)[0m  [1m[34mSELECT  "users".* FROM "users" WHERE "users"."id" = ? LIMIT ?[0m  [["id", 1], ["LIMIT", 1]]
  â†³ app/controllers/users_controller.rb:6
  Rendering users/show.html.erb within layouts/application
  Rendered users/_info.html.erb (2.2ms)
  Rendered books/_form.html.erb (7.4ms)
  [1m[36mBook Load (0.1ms)[0m  [1m[34mSELECT "books".* FROM "books" WHERE "books"."user_id" = ?[0m  [["user_id", 1]]
  â†³ app/views/books/_index.html.erb:12
  [1m[36mFavorite Exists (0.1ms)[0m  [1m[34mSELECT  1 AS one FROM "favorites" WHERE "favorites"."book_id" = ? AND "favorites"."user_id" = ? LIMIT ?[0m  [["book_id", 1], ["user_id", 1], ["LIMIT", 1]]
  â†³ app/models/book.rb:12
  [1m[35m (0.1ms)[0m  [1m[34mSELECT COUNT(*) FROM "favorites" WHERE "favorites"."book_id" = ?[0m  [["book_id", 1]]
  â†³ app/views/favorites/_favorite-btn.html.erb:2
  Rendered favorites/_favorite-btn.html.erb (5.1ms)
  [1m[35m (0.1ms)[0m  [1m[34mSELECT COUNT(*) FROM "book_comments" WHERE "book_comments"."book_id" = ?[0m  [["book_id", 1]]
  â†³ app/views/books/_index.html.erb:21
  [1m[36mFavorite Exists (0.1ms)[0m  [1m[34mSELECT  1 AS one FROM "favorites" WHERE "favorites"."book_id" = ? AND "favorites"."user_id" = ? LIMIT ?[0m  [["book_id", 2], ["user_id", 1], ["LIMIT", 1]]
  â†³ app/models/book.rb:12
  [1m[35m (0.1ms)[0m  [1m[34mSELECT COUNT(*) FROM "favorites" WHERE "favorites"."book_id" = ?[0m  [["book_id", 2]]
  â†³ app/views/favorites/_favorite-btn.html.erb:2
  Rendered favorites/_favorite-btn.html.erb (4.5ms)
  [1m[35m (0.1ms)[0m  [1m[34mSELECT COUNT(*) FROM "book_comments" WHERE "book_comments"."book_id" = ?[0m  [["book_id", 2]]
  â†³ app/views/books/_index.html.erb:21
  [1m[36mFavorite Exists (0.1ms)[0m  [1m[34mSELECT  1 AS one FROM "favorites" WHERE "favorites"."book_id" = ? AND "favorites"."user_id" = ? LIMIT ?[0m  [["book_id", 3], ["user_id", 1], ["LIMIT", 1]]
  â†³ app/models/book.rb:12
  [1m[35m (0.1ms)[0m  [1m[34mSELECT COUNT(*) FROM "favorites" WHERE "favorites"."book_id" = ?[0m  [["book_id", 3]]
  â†³ app/views/favorites/_favorite-btn.html.erb:4
  Rendered favorites/_favorite-btn.html.erb (4.3ms)
  [1m[35m (0.1ms)[0m  [1m[34mSELECT COUNT(*) FROM "book_comments" WHERE "book_comments"."book_id" = ?[0m  [["book_id", 3]]
  â†³ app/views/books/_index.html.erb:21
  Rendered books/_index.html.erb (31.7ms)
  Rendered users/show.html.erb within layouts/application (45.2ms)
  Rendered layouts/_header.html.erb (2.4ms)
  Rendered layouts/_footer.html.erb (0.2ms)
Completed 200 OK in 181ms (Views: 173.9ms | ActiveRecord: 1.3ms)


